24-Oct-2023 13:15:32.575 INFO [main] org.apache.catalina.core.StandardServer.await 셧다운 포트를 통해 유효한 셧다운 명령을 받았습니다. 서버 인스턴스를 중지시킵니다.
24-Oct-2023 13:15:32.578 INFO [main] org.apache.coyote.AbstractProtocol.pause 프로토콜 핸들러 ["http-nio-0.0.0.0-8080"]을(를) 일시 정지 중
24-Oct-2023 13:15:32.586 INFO [main] org.apache.catalina.core.StandardService.stopInternal 서비스 [Catalina]을(를) 중지시킵니다.
24-Oct-2023 13:15:32.598 INFO [main] org.apache.coyote.AbstractProtocol.stop 프로토콜 핸들러 ["http-nio-0.0.0.0-8080"]을(를) 중지시킵니다.
24-Oct-2023 13:15:32.612 INFO [main] org.apache.coyote.AbstractProtocol.destroy 프로토콜 핸들러 ["http-nio-0.0.0.0-8080"]을(를) 소멸시킵니다.
24-Oct-2023 13:19:52.350 WARNING [main] org.apache.catalina.core.StandardContext.setPath 컨텍스트 경로는 반드시 빈 문자열이거나, 또는 '/'로 시작하고 '/'로 끝나지 않는 문자열이어야 합니다. 해당 경로 [/]은(는) 이 조건을 충족시키지 않아 [](으)로 변경되었습니다.
24-Oct-2023 13:19:52.359 INFO [main] org.apache.catalina.startup.VersionLoggerListener.log 서버 버전 이름:    Apache Tomcat/9.0.82
24-Oct-2023 13:19:52.359 INFO [main] org.apache.catalina.startup.VersionLoggerListener.log Server 빌드 시각:  Oct 11 2023 13:15:08 UTC
24-Oct-2023 13:19:52.359 INFO [main] org.apache.catalina.startup.VersionLoggerListener.log Server 버전 번호:  9.0.82.0
24-Oct-2023 13:19:52.359 INFO [main] org.apache.catalina.startup.VersionLoggerListener.log 운영체제 이름:     Mac OS X
24-Oct-2023 13:19:52.359 INFO [main] org.apache.catalina.startup.VersionLoggerListener.log 운영체제 버전:     14.0
24-Oct-2023 13:19:52.359 INFO [main] org.apache.catalina.startup.VersionLoggerListener.log 아키텍처:          aarch64
24-Oct-2023 13:19:52.359 INFO [main] org.apache.catalina.startup.VersionLoggerListener.log 자바 홈:           /Library/Java/JavaVirtualMachines/jdk-17.jdk/Contents/Home
24-Oct-2023 13:19:52.359 INFO [main] org.apache.catalina.startup.VersionLoggerListener.log JVM 버전:          17.0.8+9-LTS-211
24-Oct-2023 13:19:52.359 INFO [main] org.apache.catalina.startup.VersionLoggerListener.log JVM 벤더:          Oracle Corporation
24-Oct-2023 13:19:52.359 INFO [main] org.apache.catalina.startup.VersionLoggerListener.log CATALINA_BASE:     /Users/jeongmingyeong/CNU/CN_23/apache-tomcat-9.0.82
24-Oct-2023 13:19:52.360 INFO [main] org.apache.catalina.startup.VersionLoggerListener.log CATALINA_HOME:     /Users/jeongmingyeong/CNU/CN_23/apache-tomcat-9.0.82
24-Oct-2023 13:19:52.360 INFO [main] org.apache.catalina.startup.VersionLoggerListener.log 명령 행 아규먼트:  --add-opens=java.base/java.lang=ALL-UNNAMED
24-Oct-2023 13:19:52.360 INFO [main] org.apache.catalina.startup.VersionLoggerListener.log 명령 행 아규먼트:  --add-opens=java.base/java.io=ALL-UNNAMED
24-Oct-2023 13:19:52.360 INFO [main] org.apache.catalina.startup.VersionLoggerListener.log 명령 행 아규먼트:  --add-opens=java.base/java.util=ALL-UNNAMED
24-Oct-2023 13:19:52.360 INFO [main] org.apache.catalina.startup.VersionLoggerListener.log 명령 행 아규먼트:  --add-opens=java.base/java.util.concurrent=ALL-UNNAMED
24-Oct-2023 13:19:52.360 INFO [main] org.apache.catalina.startup.VersionLoggerListener.log 명령 행 아규먼트:  --add-opens=java.rmi/sun.rmi.transport=ALL-UNNAMED
24-Oct-2023 13:19:52.360 INFO [main] org.apache.catalina.startup.VersionLoggerListener.log 명령 행 아규먼트:  -Djava.util.logging.config.file=/Users/jeongmingyeong/CNU/CN_23/apache-tomcat-9.0.82/conf/logging.properties
24-Oct-2023 13:19:52.360 INFO [main] org.apache.catalina.startup.VersionLoggerListener.log 명령 행 아규먼트:  -Djava.util.logging.manager=org.apache.juli.ClassLoaderLogManager
24-Oct-2023 13:19:52.360 INFO [main] org.apache.catalina.startup.VersionLoggerListener.log 명령 행 아규먼트:  -Djdk.tls.ephemeralDHKeySize=2048
24-Oct-2023 13:19:52.360 INFO [main] org.apache.catalina.startup.VersionLoggerListener.log 명령 행 아규먼트:  -Djava.protocol.handler.pkgs=org.apache.catalina.webresources
24-Oct-2023 13:19:52.360 INFO [main] org.apache.catalina.startup.VersionLoggerListener.log 명령 행 아규먼트:  -Dorg.apache.catalina.security.SecurityListener.UMASK=0027
24-Oct-2023 13:19:52.360 INFO [main] org.apache.catalina.startup.VersionLoggerListener.log 명령 행 아규먼트:  -Dignore.endorsed.dirs=
24-Oct-2023 13:19:52.360 INFO [main] org.apache.catalina.startup.VersionLoggerListener.log 명령 행 아규먼트:  -Dcatalina.base=/Users/jeongmingyeong/CNU/CN_23/apache-tomcat-9.0.82
24-Oct-2023 13:19:52.361 INFO [main] org.apache.catalina.startup.VersionLoggerListener.log 명령 행 아규먼트:  -Dcatalina.home=/Users/jeongmingyeong/CNU/CN_23/apache-tomcat-9.0.82
24-Oct-2023 13:19:52.361 INFO [main] org.apache.catalina.startup.VersionLoggerListener.log 명령 행 아규먼트:  -Djava.io.tmpdir=/Users/jeongmingyeong/CNU/CN_23/apache-tomcat-9.0.82/temp
24-Oct-2023 13:19:52.365 INFO [main] org.apache.catalina.core.AprLifecycleListener.lifecycleEvent 프로덕션 환경들에서 최적의 성능을 제공하는, APR 기반 Apache Tomcat Native 라이브러리가, 다음 java.library.path에서 발견되지 않습니다: [/Users/jeongmingyeong/Library/Java/Extensions:/Library/Java/Extensions:/Network/Library/Java/Extensions:/System/Library/Java/Extensions:/usr/lib/java:.]
24-Oct-2023 13:19:52.473 INFO [main] org.apache.coyote.AbstractProtocol.init 프로토콜 핸들러 ["http-nio-0.0.0.0-8080"]을(를) 초기화합니다.
24-Oct-2023 13:19:52.484 INFO [main] org.apache.catalina.startup.Catalina.load [232] 밀리초 내에 서버가 초기화되었습니다.
24-Oct-2023 13:19:52.501 INFO [main] org.apache.catalina.core.StandardService.startInternal 서비스 [Catalina]을(를) 시작합니다.
24-Oct-2023 13:19:52.501 INFO [main] org.apache.catalina.core.StandardEngine.startInternal 서버 엔진을 시작합니다: [Apache Tomcat/9.0.82]
24-Oct-2023 13:19:53.096 INFO [main] org.apache.jasper.servlet.TldScanner.scanJars 적어도 하나의 JAR가 TLD들을 찾기 위해 스캔되었으나 아무 것도 찾지 못했습니다. 스캔했으나 TLD가 없는 JAR들의 전체 목록을 보시려면, 로그 레벨을 디버그 레벨로 설정하십시오. 스캔 과정에서 불필요한 JAR들을 건너뛰면, 시스템 시작 시간과 JSP 컴파일 시간을 단축시킬 수 있습니다.
24-Oct-2023 13:19:54.018 INFO [main] org.apache.catalina.startup.HostConfig.deployWAR 웹 애플리케이션 아카이브 [/Users/jeongmingyeong/CNU/CN_23/apache-tomcat-9.0.82/webapps/CNU.war]을(를) 배치합니다.
24-Oct-2023 13:19:54.411 INFO [main] org.apache.jasper.servlet.TldScanner.scanJars 적어도 하나의 JAR가 TLD들을 찾기 위해 스캔되었으나 아무 것도 찾지 못했습니다. 스캔했으나 TLD가 없는 JAR들의 전체 목록을 보시려면, 로그 레벨을 디버그 레벨로 설정하십시오. 스캔 과정에서 불필요한 JAR들을 건너뛰면, 시스템 시작 시간과 JSP 컴파일 시간을 단축시킬 수 있습니다.
24-Oct-2023 13:19:54.886 INFO [main] org.apache.catalina.startup.HostConfig.deployWAR 웹 애플리케이션 아카이브 [/Users/jeongmingyeong/CNU/CN_23/apache-tomcat-9.0.82/webapps/CNU.war]의 배치가 [867] 밀리초에 완료되었습니다.
24-Oct-2023 13:19:54.886 INFO [main] org.apache.catalina.startup.HostConfig.deployDirectory 웹 애플리케이션 디렉토리 [/Users/jeongmingyeong/CNU/CN_23/apache-tomcat-9.0.82/webapps/docs]을(를) 배치합니다.
24-Oct-2023 13:19:54.893 INFO [main] org.apache.catalina.startup.HostConfig.deployDirectory 웹 애플리케이션 디렉토리 [/Users/jeongmingyeong/CNU/CN_23/apache-tomcat-9.0.82/webapps/docs]에 대한 배치가 [7] 밀리초에 완료되었습니다.
24-Oct-2023 13:19:54.893 INFO [main] org.apache.catalina.startup.HostConfig.deployDirectory 웹 애플리케이션 디렉토리 [/Users/jeongmingyeong/CNU/CN_23/apache-tomcat-9.0.82/webapps/manager]을(를) 배치합니다.
24-Oct-2023 13:19:54.903 INFO [main] org.apache.catalina.startup.HostConfig.deployDirectory 웹 애플리케이션 디렉토리 [/Users/jeongmingyeong/CNU/CN_23/apache-tomcat-9.0.82/webapps/manager]에 대한 배치가 [10] 밀리초에 완료되었습니다.
24-Oct-2023 13:19:54.903 INFO [main] org.apache.catalina.startup.HostConfig.deployDirectory 웹 애플리케이션 디렉토리 [/Users/jeongmingyeong/CNU/CN_23/apache-tomcat-9.0.82/webapps/examples]을(를) 배치합니다.
24-Oct-2023 13:19:54.959 INFO [main] org.apache.catalina.startup.HostConfig.deployDirectory 웹 애플리케이션 디렉토리 [/Users/jeongmingyeong/CNU/CN_23/apache-tomcat-9.0.82/webapps/examples]에 대한 배치가 [55] 밀리초에 완료되었습니다.
24-Oct-2023 13:19:54.959 INFO [main] org.apache.catalina.startup.HostConfig.deployDirectory 웹 애플리케이션 디렉토리 [/Users/jeongmingyeong/CNU/CN_23/apache-tomcat-9.0.82/webapps/host-manager]을(를) 배치합니다.
24-Oct-2023 13:19:54.965 INFO [main] org.apache.catalina.startup.HostConfig.deployDirectory 웹 애플리케이션 디렉토리 [/Users/jeongmingyeong/CNU/CN_23/apache-tomcat-9.0.82/webapps/host-manager]에 대한 배치가 [6] 밀리초에 완료되었습니다.
24-Oct-2023 13:19:54.966 INFO [main] org.apache.coyote.AbstractProtocol.start 프로토콜 핸들러 ["http-nio-0.0.0.0-8080"]을(를) 시작합니다.
24-Oct-2023 13:19:54.971 INFO [main] org.apache.catalina.startup.Catalina.start 서버가 [2486] 밀리초 내에 시작되었습니다.
24-Oct-2023 13:29:23.345 INFO [main] org.apache.catalina.core.StandardServer.await 셧다운 포트를 통해 유효한 셧다운 명령을 받았습니다. 서버 인스턴스를 중지시킵니다.
24-Oct-2023 13:29:23.345 INFO [main] org.apache.coyote.AbstractProtocol.pause 프로토콜 핸들러 ["http-nio-0.0.0.0-8080"]을(를) 일시 정지 중
24-Oct-2023 13:29:23.346 INFO [main] org.apache.catalina.core.StandardService.stopInternal 서비스 [Catalina]을(를) 중지시킵니다.
24-Oct-2023 13:29:23.353 WARNING [main] org.apache.catalina.loader.WebappClassLoaderBase.clearReferencesJdbc 웹 애플리케이션 [ROOT]이(가) JDBC 드라이버 [com.microsoft.sqlserver.jdbc.SQLServerDriver]을(를) 등록했지만, 웹 애플리케이션이 중지될 때, 해당 JDBC 드라이버의 등록을 제거하지 못했습니다. 메모리 누수를 방지하기 위하여, 등록을 강제로 제거했습니다.
24-Oct-2023 13:29:23.353 WARNING [main] org.apache.catalina.loader.WebappClassLoaderBase.clearReferencesJdbc 웹 애플리케이션 [ROOT]이(가) JDBC 드라이버 [net.sf.log4jdbc.DriverSpy]을(를) 등록했지만, 웹 애플리케이션이 중지될 때, 해당 JDBC 드라이버의 등록을 제거하지 못했습니다. 메모리 누수를 방지하기 위하여, 등록을 강제로 제거했습니다.
24-Oct-2023 13:29:23.369 INFO [main] org.apache.coyote.AbstractProtocol.stop 프로토콜 핸들러 ["http-nio-0.0.0.0-8080"]을(를) 중지시킵니다.
24-Oct-2023 13:29:23.382 INFO [main] org.apache.coyote.AbstractProtocol.destroy 프로토콜 핸들러 ["http-nio-0.0.0.0-8080"]을(를) 소멸시킵니다.
