22-Oct-2023 14:16:15.435 INFO [main] org.apache.catalina.core.ApplicationContext.log ContextListener: contextInitialized()
22-Oct-2023 14:16:15.435 INFO [main] org.apache.catalina.core.ApplicationContext.log SessionListener: contextInitialized()
22-Oct-2023 14:16:15.435 INFO [main] org.apache.catalina.core.ApplicationContext.log ContextListener: attributeAdded('StockTicker', 'async.Stockticker@5f2f577')
22-Oct-2023 14:16:15.460 INFO [main] org.apache.catalina.core.ApplicationContext.log SessionListener: contextDestroyed()
22-Oct-2023 14:16:15.460 INFO [main] org.apache.catalina.core.ApplicationContext.log ContextListener: contextDestroyed()
22-Oct-2023 14:21:42.060 INFO [main] org.apache.catalina.core.ApplicationContext.log ContextListener: contextInitialized()
22-Oct-2023 14:21:42.060 INFO [main] org.apache.catalina.core.ApplicationContext.log SessionListener: contextInitialized()
22-Oct-2023 14:21:42.060 INFO [main] org.apache.catalina.core.ApplicationContext.log ContextListener: attributeAdded('StockTicker', 'async.Stockticker@5d465e4b')
22-Oct-2023 14:21:42.083 INFO [main] org.apache.catalina.core.ApplicationContext.log SessionListener: contextDestroyed()
22-Oct-2023 14:21:42.083 INFO [main] org.apache.catalina.core.ApplicationContext.log ContextListener: contextDestroyed()
22-Oct-2023 14:23:59.218 INFO [main] org.apache.catalina.core.ApplicationContext.log ContextListener: contextInitialized()
22-Oct-2023 14:23:59.218 INFO [main] org.apache.catalina.core.ApplicationContext.log SessionListener: contextInitialized()
22-Oct-2023 14:23:59.219 INFO [main] org.apache.catalina.core.ApplicationContext.log ContextListener: attributeAdded('StockTicker', 'async.Stockticker@51df223b')
22-Oct-2023 14:24:02.345 INFO [main] org.apache.catalina.core.ApplicationContext.log ContextListener: contextInitialized()
22-Oct-2023 14:24:02.345 INFO [main] org.apache.catalina.core.ApplicationContext.log SessionListener: contextInitialized()
22-Oct-2023 14:24:02.346 INFO [main] org.apache.catalina.core.ApplicationContext.log ContextListener: attributeAdded('StockTicker', 'async.Stockticker@3f2ef586')
22-Oct-2023 14:24:02.373 INFO [main] org.apache.catalina.core.ApplicationContext.log SessionListener: contextDestroyed()
22-Oct-2023 14:24:02.373 INFO [main] org.apache.catalina.core.ApplicationContext.log ContextListener: contextDestroyed()
22-Oct-2023 14:24:38.815 INFO [main] org.apache.catalina.core.ApplicationContext.log SessionListener: contextDestroyed()
22-Oct-2023 14:24:38.815 INFO [main] org.apache.catalina.core.ApplicationContext.log ContextListener: contextDestroyed()
22-Oct-2023 14:27:09.597 INFO [main] org.apache.catalina.core.ApplicationContext.log ContextListener: contextInitialized()
22-Oct-2023 14:27:09.597 INFO [main] org.apache.catalina.core.ApplicationContext.log SessionListener: contextInitialized()
22-Oct-2023 14:27:09.598 INFO [main] org.apache.catalina.core.ApplicationContext.log ContextListener: attributeAdded('StockTicker', 'async.Stockticker@3624da92')
22-Oct-2023 14:28:12.171 INFO [main] org.apache.catalina.core.ApplicationContext.log SessionListener: contextDestroyed()
22-Oct-2023 14:28:12.171 INFO [main] org.apache.catalina.core.ApplicationContext.log ContextListener: contextDestroyed()
22-Oct-2023 14:30:15.806 INFO [main] org.apache.catalina.core.ApplicationContext.log ContextListener: contextInitialized()
22-Oct-2023 14:30:15.806 INFO [main] org.apache.catalina.core.ApplicationContext.log SessionListener: contextInitialized()
22-Oct-2023 14:30:15.806 INFO [main] org.apache.catalina.core.ApplicationContext.log ContextListener: attributeAdded('StockTicker', 'async.Stockticker@9d157ff')
22-Oct-2023 14:31:03.306 INFO [main] org.apache.catalina.core.ApplicationContext.log SessionListener: contextDestroyed()
22-Oct-2023 14:31:03.306 INFO [main] org.apache.catalina.core.ApplicationContext.log ContextListener: contextDestroyed()
22-Oct-2023 14:31:33.492 INFO [main] org.apache.catalina.core.ApplicationContext.log ContextListener: contextInitialized()
22-Oct-2023 14:31:33.492 INFO [main] org.apache.catalina.core.ApplicationContext.log SessionListener: contextInitialized()
22-Oct-2023 14:31:33.493 INFO [main] org.apache.catalina.core.ApplicationContext.log ContextListener: attributeAdded('StockTicker', 'async.Stockticker@5df417a7')
22-Oct-2023 14:32:11.871 INFO [main] org.apache.catalina.core.ApplicationContext.log SessionListener: contextDestroyed()
22-Oct-2023 14:32:11.871 INFO [main] org.apache.catalina.core.ApplicationContext.log ContextListener: contextDestroyed()
22-Oct-2023 14:32:13.722 INFO [main] org.apache.catalina.core.ApplicationContext.log ContextListener: contextInitialized()
22-Oct-2023 14:32:13.722 INFO [main] org.apache.catalina.core.ApplicationContext.log SessionListener: contextInitialized()
22-Oct-2023 14:32:13.722 INFO [main] org.apache.catalina.core.ApplicationContext.log ContextListener: attributeAdded('StockTicker', 'async.Stockticker@2f162cc0')
22-Oct-2023 14:33:59.426 INFO [main] org.apache.catalina.core.ApplicationContext.log SessionListener: contextDestroyed()
22-Oct-2023 14:33:59.426 INFO [main] org.apache.catalina.core.ApplicationContext.log ContextListener: contextDestroyed()
22-Oct-2023 14:34:15.249 INFO [main] org.apache.catalina.core.ApplicationContext.log ContextListener: contextInitialized()
22-Oct-2023 14:34:15.249 INFO [main] org.apache.catalina.core.ApplicationContext.log SessionListener: contextInitialized()
22-Oct-2023 14:34:15.250 INFO [main] org.apache.catalina.core.ApplicationContext.log ContextListener: attributeAdded('StockTicker', 'async.Stockticker@6e9319f')
22-Oct-2023 14:36:57.615 INFO [main] org.apache.catalina.core.ApplicationContext.log SessionListener: contextDestroyed()
22-Oct-2023 14:36:57.615 INFO [main] org.apache.catalina.core.ApplicationContext.log ContextListener: contextDestroyed()
22-Oct-2023 14:36:59.209 INFO [main] org.apache.catalina.core.ApplicationContext.log ContextListener: contextInitialized()
22-Oct-2023 14:36:59.209 INFO [main] org.apache.catalina.core.ApplicationContext.log SessionListener: contextInitialized()
22-Oct-2023 14:36:59.209 INFO [main] org.apache.catalina.core.ApplicationContext.log ContextListener: attributeAdded('StockTicker', 'async.Stockticker@1d71006f')
